<?xml version="1.0" encoding="UTF-8"?>
<!-- Generated by org.testng.reporters.JUnitXMLReporter -->
<testsuite hostname="DESKTOP-VVEU7MH" ignored="0" name="ChromeTest" tests="4" failures="0" timestamp="11 Oct 2021 10:47:25 GMT" time="74.581" errors="0">
  <testcase name="Invoice" time="15.874" classname="com.vtiger.testcripts.CreateInvoiceTest"/>
  <testcase name="editInvoice" time="12.158" classname="com.vtiger.testcripts.EditInvoiceTest"/>
  <testcase name="deleteInvoice" time="10.078" classname="com.vtiger.testcripts.DeleteInvoiceTest"/>
  <testcase name="organization" time="11.155" classname="com.vtiger.testcripts.CreateOrganizationTest"/>
</testsuite> <!-- ChromeTest -->
