<?xml version="1.0" encoding="UTF-8"?>
<!-- Generated by org.testng.reporters.JUnitXMLReporter -->
<testsuite hostname="DESKTOP-VVEU7MH" ignored="0" name="EdgeTest" tests="4" failures="0" timestamp="11 Oct 2021 10:48:43 GMT" time="77.316" errors="0">
  <testcase name="Invoice" time="15.486" classname="com.vtiger.testcripts.CreateInvoiceTest"/>
  <testcase name="editInvoice" time="10.403" classname="com.vtiger.testcripts.EditInvoiceTest"/>
  <testcase name="deleteInvoice" time="10.411" classname="com.vtiger.testcripts.DeleteInvoiceTest"/>
  <testcase name="organization" time="11.872" classname="com.vtiger.testcripts.CreateOrganizationTest"/>
</testsuite> <!-- EdgeTest -->
