<?xml version="1.0" encoding="UTF-8"?>
<!-- Generated by org.testng.reporters.JUnitXMLReporter -->
<testsuite hostname="DESKTOP-VVEU7MH" ignored="0" name="FirefoxTest" tests="4" failures="0" timestamp="11 Oct 2021 10:47:25 GMT" time="0.102" errors="0">
  <testcase name="@BeforeClass launchBrowser" time="0.021" classname="com.vtiger.genericLib.BaseClass">
    <failure type="java.lang.IllegalStateException" message="The driver executable does not exist: D:\EclipseWorkspaces\JavaPratice\Invoice\.\src\main\resources\firefoxdriver.exe">
      <![CDATA[java.lang.IllegalStateException: The driver executable does not exist: D:\EclipseWorkspaces\JavaPratice\Invoice\.\src\main\resources\firefoxdriver.exe
at com.google.common.base.Preconditions.checkState(Preconditions.java:585)
at org.openqa.selenium.remote.service.DriverService.checkExecutable(DriverService.java:146)
at org.openqa.selenium.remote.service.DriverService.findExecutable(DriverService.java:141)
at org.openqa.selenium.firefox.GeckoDriverService.access$100(GeckoDriverService.java:44)
at org.openqa.selenium.firefox.GeckoDriverService$Builder.findDefaultExecutable(GeckoDriverService.java:167)
at org.openqa.selenium.remote.service.DriverService$Builder.build(DriverService.java:355)
at org.openqa.selenium.firefox.FirefoxDriver.toExecutor(FirefoxDriver.java:190)
at org.openqa.selenium.firefox.FirefoxDriver.<init>(FirefoxDriver.java:147)
at org.openqa.selenium.firefox.FirefoxDriver.<init>(FirefoxDriver.java:125)
at com.vtiger.genericLib.BaseClass.launchBrowser(BaseClass.java:45)
... Removed 26 stack frames]]>
    </failure>
  </testcase> <!-- @BeforeClass launchBrowser -->
  <testcase name="@BeforeMethod login" time="0.009" classname="com.vtiger.genericLib.BaseClass">
    <failure type="java.lang.NullPointerException">
      <![CDATA[java.lang.NullPointerException
at com.vtiger.genericLib.BaseClass.login(BaseClass.java:73)
... Removed 28 stack frames]]>
    </failure>
  </testcase> <!-- @BeforeMethod login -->
  <testcase name="@AfterMethod logout" time="0.001" classname="com.vtiger.genericLib.BaseClass">
    <failure type="java.lang.NullPointerException">
      <![CDATA[java.lang.NullPointerException
at java.util.Objects.requireNonNull(Objects.java:203)
at org.openqa.selenium.interactions.Actions.<init>(Actions.java:65)
at com.vtiger.genericLib.WebDriverCommonUtils.mouseOverOnElement(WebDriverCommonUtils.java:15)
at com.vtiger.genericLib.BaseClass.logout(BaseClass.java:93)
... Removed 28 stack frames]]>
    </failure>
  </testcase> <!-- @AfterMethod logout -->
  <testcase name="@AfterClass closeBrowser" time="0.0" classname="com.vtiger.genericLib.BaseClass">
    <failure type="java.lang.NullPointerException">
      <![CDATA[java.lang.NullPointerException
at com.vtiger.genericLib.BaseClass.closeBrowser(BaseClass.java:101)
... Removed 26 stack frames]]>
    </failure>
  </testcase> <!-- @AfterClass closeBrowser -->
  <testcase name="@BeforeClass launchBrowser" time="0.005" classname="com.vtiger.genericLib.BaseClass">
    <failure type="java.lang.IllegalStateException" message="The driver executable does not exist: D:\EclipseWorkspaces\JavaPratice\Invoice\.\src\main\resources\firefoxdriver.exe">
      <![CDATA[java.lang.IllegalStateException: The driver executable does not exist: D:\EclipseWorkspaces\JavaPratice\Invoice\.\src\main\resources\firefoxdriver.exe
at com.google.common.base.Preconditions.checkState(Preconditions.java:585)
at org.openqa.selenium.remote.service.DriverService.checkExecutable(DriverService.java:146)
at org.openqa.selenium.remote.service.DriverService.findExecutable(DriverService.java:141)
at org.openqa.selenium.firefox.GeckoDriverService.access$100(GeckoDriverService.java:44)
at org.openqa.selenium.firefox.GeckoDriverService$Builder.findDefaultExecutable(GeckoDriverService.java:167)
at org.openqa.selenium.remote.service.DriverService$Builder.build(DriverService.java:355)
at org.openqa.selenium.firefox.FirefoxDriver.toExecutor(FirefoxDriver.java:190)
at org.openqa.selenium.firefox.FirefoxDriver.<init>(FirefoxDriver.java:147)
at org.openqa.selenium.firefox.FirefoxDriver.<init>(FirefoxDriver.java:125)
at com.vtiger.genericLib.BaseClass.launchBrowser(BaseClass.java:45)
... Removed 26 stack frames]]>
    </failure>
  </testcase> <!-- @BeforeClass launchBrowser -->
  <testcase name="@BeforeMethod login" time="0.0" classname="com.vtiger.genericLib.BaseClass">
    <failure type="java.lang.NullPointerException">
      <![CDATA[java.lang.NullPointerException
at com.vtiger.genericLib.BaseClass.login(BaseClass.java:73)
... Removed 28 stack frames]]>
    </failure>
  </testcase> <!-- @BeforeMethod login -->
  <testcase name="@AfterMethod logout" time="0.001" classname="com.vtiger.genericLib.BaseClass">
    <failure type="java.lang.NullPointerException">
      <![CDATA[java.lang.NullPointerException
at java.util.Objects.requireNonNull(Objects.java:203)
at org.openqa.selenium.interactions.Actions.<init>(Actions.java:65)
at com.vtiger.genericLib.WebDriverCommonUtils.mouseOverOnElement(WebDriverCommonUtils.java:15)
at com.vtiger.genericLib.BaseClass.logout(BaseClass.java:93)
... Removed 28 stack frames]]>
    </failure>
  </testcase> <!-- @AfterMethod logout -->
  <testcase name="@AfterClass closeBrowser" time="0.0" classname="com.vtiger.genericLib.BaseClass">
    <failure type="java.lang.NullPointerException">
      <![CDATA[java.lang.NullPointerException
at com.vtiger.genericLib.BaseClass.closeBrowser(BaseClass.java:101)
... Removed 26 stack frames]]>
    </failure>
  </testcase> <!-- @AfterClass closeBrowser -->
  <testcase name="@BeforeClass launchBrowser" time="0.008" classname="com.vtiger.genericLib.BaseClass">
    <failure type="java.lang.IllegalStateException" message="The driver executable does not exist: D:\EclipseWorkspaces\JavaPratice\Invoice\.\src\main\resources\firefoxdriver.exe">
      <![CDATA[java.lang.IllegalStateException: The driver executable does not exist: D:\EclipseWorkspaces\JavaPratice\Invoice\.\src\main\resources\firefoxdriver.exe
at com.google.common.base.Preconditions.checkState(Preconditions.java:585)
at org.openqa.selenium.remote.service.DriverService.checkExecutable(DriverService.java:146)
at org.openqa.selenium.remote.service.DriverService.findExecutable(DriverService.java:141)
at org.openqa.selenium.firefox.GeckoDriverService.access$100(GeckoDriverService.java:44)
at org.openqa.selenium.firefox.GeckoDriverService$Builder.findDefaultExecutable(GeckoDriverService.java:167)
at org.openqa.selenium.remote.service.DriverService$Builder.build(DriverService.java:355)
at org.openqa.selenium.firefox.FirefoxDriver.toExecutor(FirefoxDriver.java:190)
at org.openqa.selenium.firefox.FirefoxDriver.<init>(FirefoxDriver.java:147)
at org.openqa.selenium.firefox.FirefoxDriver.<init>(FirefoxDriver.java:125)
at com.vtiger.genericLib.BaseClass.launchBrowser(BaseClass.java:45)
... Removed 26 stack frames]]>
    </failure>
  </testcase> <!-- @BeforeClass launchBrowser -->
  <testcase name="@BeforeMethod login" time="0.001" classname="com.vtiger.genericLib.BaseClass">
    <failure type="java.lang.NullPointerException">
      <![CDATA[java.lang.NullPointerException
at com.vtiger.genericLib.BaseClass.login(BaseClass.java:73)
... Removed 28 stack frames]]>
    </failure>
  </testcase> <!-- @BeforeMethod login -->
  <testcase name="@AfterMethod logout" time="0.001" classname="com.vtiger.genericLib.BaseClass">
    <failure type="java.lang.NullPointerException">
      <![CDATA[java.lang.NullPointerException
at java.util.Objects.requireNonNull(Objects.java:203)
at org.openqa.selenium.interactions.Actions.<init>(Actions.java:65)
at com.vtiger.genericLib.WebDriverCommonUtils.mouseOverOnElement(WebDriverCommonUtils.java:15)
at com.vtiger.genericLib.BaseClass.logout(BaseClass.java:93)
... Removed 28 stack frames]]>
    </failure>
  </testcase> <!-- @AfterMethod logout -->
  <testcase name="@AfterClass closeBrowser" time="0.0" classname="com.vtiger.genericLib.BaseClass">
    <failure type="java.lang.NullPointerException">
      <![CDATA[java.lang.NullPointerException
at com.vtiger.genericLib.BaseClass.closeBrowser(BaseClass.java:101)
... Removed 26 stack frames]]>
    </failure>
  </testcase> <!-- @AfterClass closeBrowser -->
  <testcase name="@BeforeClass launchBrowser" time="0.008" classname="com.vtiger.genericLib.BaseClass">
    <failure type="java.lang.IllegalStateException" message="The driver executable does not exist: D:\EclipseWorkspaces\JavaPratice\Invoice\.\src\main\resources\firefoxdriver.exe">
      <![CDATA[java.lang.IllegalStateException: The driver executable does not exist: D:\EclipseWorkspaces\JavaPratice\Invoice\.\src\main\resources\firefoxdriver.exe
at com.google.common.base.Preconditions.checkState(Preconditions.java:585)
at org.openqa.selenium.remote.service.DriverService.checkExecutable(DriverService.java:146)
at org.openqa.selenium.remote.service.DriverService.findExecutable(DriverService.java:141)
at org.openqa.selenium.firefox.GeckoDriverService.access$100(GeckoDriverService.java:44)
at org.openqa.selenium.firefox.GeckoDriverService$Builder.findDefaultExecutable(GeckoDriverService.java:167)
at org.openqa.selenium.remote.service.DriverService$Builder.build(DriverService.java:355)
at org.openqa.selenium.firefox.FirefoxDriver.toExecutor(FirefoxDriver.java:190)
at org.openqa.selenium.firefox.FirefoxDriver.<init>(FirefoxDriver.java:147)
at org.openqa.selenium.firefox.FirefoxDriver.<init>(FirefoxDriver.java:125)
at com.vtiger.genericLib.BaseClass.launchBrowser(BaseClass.java:45)
... Removed 26 stack frames]]>
    </failure>
  </testcase> <!-- @BeforeClass launchBrowser -->
  <testcase name="@BeforeMethod login" time="0.0" classname="com.vtiger.genericLib.BaseClass">
    <failure type="java.lang.NullPointerException">
      <![CDATA[java.lang.NullPointerException
at com.vtiger.genericLib.BaseClass.login(BaseClass.java:73)
... Removed 28 stack frames]]>
    </failure>
  </testcase> <!-- @BeforeMethod login -->
  <testcase name="@AfterMethod logout" time="0.001" classname="com.vtiger.genericLib.BaseClass">
    <failure type="java.lang.NullPointerException">
      <![CDATA[java.lang.NullPointerException
at java.util.Objects.requireNonNull(Objects.java:203)
at org.openqa.selenium.interactions.Actions.<init>(Actions.java:65)
at com.vtiger.genericLib.WebDriverCommonUtils.mouseOverOnElement(WebDriverCommonUtils.java:15)
at com.vtiger.genericLib.BaseClass.logout(BaseClass.java:93)
... Removed 28 stack frames]]>
    </failure>
  </testcase> <!-- @AfterMethod logout -->
  <testcase name="@AfterClass closeBrowser" time="0.001" classname="com.vtiger.genericLib.BaseClass">
    <failure type="java.lang.NullPointerException">
      <![CDATA[java.lang.NullPointerException
at com.vtiger.genericLib.BaseClass.closeBrowser(BaseClass.java:101)
... Removed 26 stack frames]]>
    </failure>
  </testcase> <!-- @AfterClass closeBrowser -->
  <testcase name="Invoice" time="0.0" classname="com.vtiger.testcripts.CreateInvoiceTest">
    <skipped/>
  </testcase> <!-- Invoice -->
  <testcase name="editInvoice" time="0.0" classname="com.vtiger.testcripts.EditInvoiceTest">
    <skipped/>
  </testcase> <!-- editInvoice -->
  <testcase name="deleteInvoice" time="0.0" classname="com.vtiger.testcripts.DeleteInvoiceTest">
    <skipped/>
  </testcase> <!-- deleteInvoice -->
  <testcase name="organization" time="0.0" classname="com.vtiger.testcripts.CreateOrganizationTest">
    <skipped/>
  </testcase> <!-- organization -->
</testsuite> <!-- FirefoxTest -->
