<?xml version="1.0" encoding="UTF-8"?>
<!-- Generated by org.testng.reporters.JUnitXMLReporter -->
<testsuite hostname="DESKTOP-VVEU7MH" ignored="2" name="Test" tests="2" failures="0" timestamp="11 Oct 2021 06:13:07 GMT" time="41.489" errors="0">
  <testcase name="Invoice" time="16.858" classname="com.vtiger.testcripts.CreateInvoiceTest"/>
  <testcase name="organization" time="11.712" classname="com.vtiger.testcripts.CreateOrganizationTest"/>
  <testcase name="deleteInvoice" time="0.0" classname="com.vtiger.testcripts.DeleteInvoiceTest">
    <ignored/>
  </testcase> <!-- deleteInvoice -->
  <testcase name="editInvoice" time="0.0" classname="com.vtiger.testcripts.EditInvoiceTest">
    <ignored/>
  </testcase> <!-- editInvoice -->
</testsuite> <!-- Test -->
