<?xml version="1.0" encoding="UTF-8"?>
<!-- Generated by org.testng.reporters.JUnitXMLReporter -->
<testsuite hostname="DESKTOP-VVEU7MH" ignored="0" name="Test" tests="4" failures="0" timestamp="09 Oct 2021 14:09:24 GMT" time="102.123" errors="0">
  <testcase name="deleteInvoice" time="14.735" classname="com.vtiger.testcripts.DeleteInvoiceTest"/>
  <testcase name="Invoice" time="22.625" classname="com.vtiger.testcripts.CreateInvoiceTest"/>
  <testcase name="editInvoice" time="17.965" classname="com.vtiger.testcripts.EditInvoiceTest"/>
  <testcase name="organization" time="16.985" classname="com.vtiger.testcripts.CreateOrganizationTest"/>
</testsuite> <!-- Test -->
